[2026-04-01T14:02:15.271+0000] {processor.py:161} INFO - Started process (PID=172) to work on /opt/airflow/dags/energy_pipeline_dag.py
[2026-04-01T14:02:15.271+0000] {processor.py:830} INFO - Processing file /opt/airflow/dags/energy_pipeline_dag.py for tasks to queue
[2026-04-01T14:02:15.271+0000] {logging_mixin.py:188} INFO - [2026-04-01T14:02:15.271+0000] {dagbag.py:540} INFO - Filling up the DagBag from /opt/airflow/dags/energy_pipeline_dag.py
[2026-04-01T14:02:15.546+0000] {processor.py:840} INFO - DAG(s) 'energy_consumption_pipeline' retrieved from /opt/airflow/dags/energy_pipeline_dag.py
[2026-04-01T14:02:15.674+0000] {logging_mixin.py:188} INFO - [2026-04-01T14:02:15.674+0000] {override.py:1769} INFO - Created Permission View: can read on DAG:energy_consumption_pipeline
[2026-04-01T14:02:15.684+0000] {logging_mixin.py:188} INFO - [2026-04-01T14:02:15.683+0000] {override.py:1769} INFO - Created Permission View: can delete on DAG:energy_consumption_pipeline
[2026-04-01T14:02:15.692+0000] {logging_mixin.py:188} INFO - [2026-04-01T14:02:15.691+0000] {override.py:1769} INFO - Created Permission View: can edit on DAG:energy_consumption_pipeline
[2026-04-01T14:02:15.692+0000] {logging_mixin.py:188} INFO - [2026-04-01T14:02:15.692+0000] {dag.py:3047} INFO - Sync 1 DAGs
[2026-04-01T14:02:15.703+0000] {logging_mixin.py:188} INFO - [2026-04-01T14:02:15.703+0000] {dag.py:3069} INFO - Creating ORM DAG for energy_consumption_pipeline
[2026-04-01T14:02:15.713+0000] {logging_mixin.py:188} INFO - [2026-04-01T14:02:15.713+0000] {dag.py:3834} INFO - Setting next_dagrun for energy_consumption_pipeline to 2026-03-31 00:00:00+00:00, run_after=2026-04-01 00:00:00+00:00
[2026-04-01T14:02:15.733+0000] {processor.py:183} INFO - Processing /opt/airflow/dags/energy_pipeline_dag.py took 0.464 seconds
[2026-04-01T14:02:45.851+0000] {processor.py:161} INFO - Started process (PID=179) to work on /opt/airflow/dags/energy_pipeline_dag.py
[2026-04-01T14:02:45.851+0000] {processor.py:830} INFO - Processing file /opt/airflow/dags/energy_pipeline_dag.py for tasks to queue
[2026-04-01T14:02:45.851+0000] {logging_mixin.py:188} INFO - [2026-04-01T14:02:45.851+0000] {dagbag.py:540} INFO - Filling up the DagBag from /opt/airflow/dags/energy_pipeline_dag.py
[2026-04-01T14:02:46.100+0000] {processor.py:840} INFO - DAG(s) 'energy_consumption_pipeline' retrieved from /opt/airflow/dags/energy_pipeline_dag.py
[2026-04-01T14:02:46.116+0000] {logging_mixin.py:188} INFO - [2026-04-01T14:02:46.116+0000] {dag.py:3047} INFO - Sync 1 DAGs
[2026-04-01T14:02:46.130+0000] {logging_mixin.py:188} INFO - [2026-04-01T14:02:46.130+0000] {dag.py:3834} INFO - Setting next_dagrun for energy_consumption_pipeline to 2026-03-31 00:00:00+00:00, run_after=2026-04-01 00:00:00+00:00
[2026-04-01T14:02:46.142+0000] {processor.py:183} INFO - Processing /opt/airflow/dags/energy_pipeline_dag.py took 0.294 seconds
[2026-04-01T14:03:16.247+0000] {processor.py:161} INFO - Started process (PID=185) to work on /opt/airflow/dags/energy_pipeline_dag.py
[2026-04-01T14:03:16.289+0000] {processor.py:830} INFO - Processing file /opt/airflow/dags/energy_pipeline_dag.py for tasks to queue
[2026-04-01T14:03:16.290+0000] {logging_mixin.py:188} INFO - [2026-04-01T14:03:16.290+0000] {dagbag.py:540} INFO - Filling up the DagBag from /opt/airflow/dags/energy_pipeline_dag.py
[2026-04-01T14:03:16.605+0000] {processor.py:840} INFO - DAG(s) 'energy_consumption_pipeline' retrieved from /opt/airflow/dags/energy_pipeline_dag.py
[2026-04-01T14:03:16.620+0000] {logging_mixin.py:188} INFO - [2026-04-01T14:03:16.619+0000] {dag.py:3047} INFO - Sync 1 DAGs
[2026-04-01T14:03:16.639+0000] {logging_mixin.py:188} INFO - [2026-04-01T14:03:16.639+0000] {dag.py:3834} INFO - Setting next_dagrun for energy_consumption_pipeline to 2026-03-31 00:00:00+00:00, run_after=2026-04-01 00:00:00+00:00
[2026-04-01T14:03:16.655+0000] {processor.py:183} INFO - Processing /opt/airflow/dags/energy_pipeline_dag.py took 0.410 seconds
[2026-04-01T14:03:46.778+0000] {processor.py:161} INFO - Started process (PID=191) to work on /opt/airflow/dags/energy_pipeline_dag.py
[2026-04-01T14:03:46.820+0000] {processor.py:830} INFO - Processing file /opt/airflow/dags/energy_pipeline_dag.py for tasks to queue
[2026-04-01T14:03:46.821+0000] {logging_mixin.py:188} INFO - [2026-04-01T14:03:46.820+0000] {dagbag.py:540} INFO - Filling up the DagBag from /opt/airflow/dags/energy_pipeline_dag.py
[2026-04-01T14:03:47.134+0000] {processor.py:840} INFO - DAG(s) 'energy_consumption_pipeline' retrieved from /opt/airflow/dags/energy_pipeline_dag.py
[2026-04-01T14:03:47.144+0000] {logging_mixin.py:188} INFO - [2026-04-01T14:03:47.144+0000] {dag.py:3047} INFO - Sync 1 DAGs
[2026-04-01T14:03:47.160+0000] {logging_mixin.py:188} INFO - [2026-04-01T14:03:47.160+0000] {dag.py:3834} INFO - Setting next_dagrun for energy_consumption_pipeline to 2026-03-31 00:00:00+00:00, run_after=2026-04-01 00:00:00+00:00
[2026-04-01T14:03:47.174+0000] {processor.py:183} INFO - Processing /opt/airflow/dags/energy_pipeline_dag.py took 0.398 seconds
[2026-04-01T14:04:17.330+0000] {processor.py:161} INFO - Started process (PID=197) to work on /opt/airflow/dags/energy_pipeline_dag.py
[2026-04-01T14:04:17.330+0000] {processor.py:830} INFO - Processing file /opt/airflow/dags/energy_pipeline_dag.py for tasks to queue
[2026-04-01T14:04:17.330+0000] {logging_mixin.py:188} INFO - [2026-04-01T14:04:17.330+0000] {dagbag.py:540} INFO - Filling up the DagBag from /opt/airflow/dags/energy_pipeline_dag.py
[2026-04-01T14:04:17.571+0000] {processor.py:840} INFO - DAG(s) 'energy_consumption_pipeline' retrieved from /opt/airflow/dags/energy_pipeline_dag.py
[2026-04-01T14:04:17.624+0000] {logging_mixin.py:188} INFO - [2026-04-01T14:04:17.623+0000] {dag.py:3047} INFO - Sync 1 DAGs
[2026-04-01T14:04:17.637+0000] {logging_mixin.py:188} INFO - [2026-04-01T14:04:17.637+0000] {dag.py:3834} INFO - Setting next_dagrun for energy_consumption_pipeline to 2026-03-31 00:00:00+00:00, run_after=2026-04-01 00:00:00+00:00
[2026-04-01T14:04:17.650+0000] {processor.py:183} INFO - Processing /opt/airflow/dags/energy_pipeline_dag.py took 0.323 seconds
[2026-04-01T14:05:38.117+0000] {processor.py:161} INFO - Started process (PID=171) to work on /opt/airflow/dags/energy_pipeline_dag.py
[2026-04-01T14:05:38.118+0000] {processor.py:830} INFO - Processing file /opt/airflow/dags/energy_pipeline_dag.py for tasks to queue
[2026-04-01T14:05:38.118+0000] {logging_mixin.py:188} INFO - [2026-04-01T14:05:38.118+0000] {dagbag.py:540} INFO - Filling up the DagBag from /opt/airflow/dags/energy_pipeline_dag.py
[2026-04-01T14:05:38.696+0000] {processor.py:840} INFO - DAG(s) 'energy_consumption_pipeline' retrieved from /opt/airflow/dags/energy_pipeline_dag.py
[2026-04-01T14:05:38.735+0000] {logging_mixin.py:188} INFO - [2026-04-01T14:05:38.734+0000] {dag.py:3047} INFO - Sync 1 DAGs
[2026-04-01T14:05:38.782+0000] {logging_mixin.py:188} INFO - [2026-04-01T14:05:38.782+0000] {dag.py:3834} INFO - Setting next_dagrun for energy_consumption_pipeline to 2026-04-01 00:00:00+00:00, run_after=2026-04-02 00:00:00+00:00
[2026-04-01T14:05:38.835+0000] {processor.py:183} INFO - Processing /opt/airflow/dags/energy_pipeline_dag.py took 0.719 seconds
[2026-04-01T14:07:15.731+0000] {processor.py:161} INFO - Started process (PID=172) to work on /opt/airflow/dags/energy_pipeline_dag.py
[2026-04-01T14:07:15.732+0000] {processor.py:830} INFO - Processing file /opt/airflow/dags/energy_pipeline_dag.py for tasks to queue
[2026-04-01T14:07:15.733+0000] {logging_mixin.py:188} INFO - [2026-04-01T14:07:15.733+0000] {dagbag.py:540} INFO - Filling up the DagBag from /opt/airflow/dags/energy_pipeline_dag.py
[2026-04-01T14:07:16.649+0000] {processor.py:840} INFO - DAG(s) 'energy_consumption_pipeline' retrieved from /opt/airflow/dags/energy_pipeline_dag.py
[2026-04-01T14:07:16.770+0000] {logging_mixin.py:188} INFO - [2026-04-01T14:07:16.768+0000] {dag.py:3047} INFO - Sync 1 DAGs
[2026-04-01T14:07:16.892+0000] {logging_mixin.py:188} INFO - [2026-04-01T14:07:16.892+0000] {dag.py:3834} INFO - Setting next_dagrun for energy_consumption_pipeline to 2026-04-01 00:00:00+00:00, run_after=2026-04-02 00:00:00+00:00
[2026-04-01T14:07:17.016+0000] {processor.py:183} INFO - Processing /opt/airflow/dags/energy_pipeline_dag.py took 1.286 seconds
[2026-04-01T14:08:18.796+0000] {processor.py:161} INFO - Started process (PID=172) to work on /opt/airflow/dags/energy_pipeline_dag.py
[2026-04-01T14:08:18.797+0000] {processor.py:830} INFO - Processing file /opt/airflow/dags/energy_pipeline_dag.py for tasks to queue
[2026-04-01T14:08:18.797+0000] {logging_mixin.py:188} INFO - [2026-04-01T14:08:18.797+0000] {dagbag.py:540} INFO - Filling up the DagBag from /opt/airflow/dags/energy_pipeline_dag.py
[2026-04-01T14:08:19.068+0000] {processor.py:840} INFO - DAG(s) 'energy_consumption_pipeline' retrieved from /opt/airflow/dags/energy_pipeline_dag.py
[2026-04-01T14:08:19.086+0000] {logging_mixin.py:188} INFO - [2026-04-01T14:08:19.086+0000] {dag.py:3047} INFO - Sync 1 DAGs
[2026-04-01T14:08:19.101+0000] {logging_mixin.py:188} INFO - [2026-04-01T14:08:19.101+0000] {dag.py:3834} INFO - Setting next_dagrun for energy_consumption_pipeline to 2026-03-31 00:00:00+00:00, run_after=2026-04-01 00:00:00+00:00
[2026-04-01T14:08:19.114+0000] {processor.py:183} INFO - Processing /opt/airflow/dags/energy_pipeline_dag.py took 0.319 seconds
